Scenario - 
Logfile written - 08/31/2015 17:43:54

Pulse	Event Type	Code	Time	TTime	Uncertainty	Duration	Uncertainty	ReqTime	ReqDur	Stim Type	Pair Index

1	Pulse	222	0	0	NA
2	Pulse	222	30000	30000	NA
3	Pulse	222	60000	60000	NA
4	Pulse	222	90000	90000	NA
5	Pulse	222	120000	120000	NA
6	Pulse	222	150000	150000	NA
7	Pulse	222	180000	180000	NA
8	Pulse	222	210000	210000	NA
9	Pulse	222	240000	240000	NA
10	Pulse	222	270000	270000	NA
11	Pulse	222	300000	300000	NA
12	Pulse	222	330000	330000	NA
13	Pulse	222	360000	360000	NA
14	Pulse	222	390000	390000	NA
15	Pulse	222	420000	420000	NA
16	Pulse	222	450000	450000	NA
16	Manual	trial_1_onset	455065	455065
16	Manual	FIRST_ITI_starttime	455076	455076
17	Pulse	222	480000	480000	NA
18	Pulse	222	510000	510000	NA
19	Pulse	222	540000	540000	NA
19	Manual	UrnsPresented_starttime	555111	555111
20	Pulse	222	570000	570000	NA
21	Pulse	222	600000	600000	NA
21	Manual	Choice_Period_starttime	608272	608272
21	Response	22	619357	619357	1
21	Manual	Participant_Response_Displayed_starttime	619607	619607
22	Pulse	222	630000	630000	NA
22	Manual	Outcome_Individualtrial_Displayed_starttime	659770	659770
23	Pulse	222	660000	660000	NA
23	Manual	ITI_starttime	674925	674925
24	Pulse	222	690000	690000	NA
24	Manual	trial_2_onset	708089	708089
24	Manual	UrnsPresented_starttime	708105	708105
25	Pulse	222	720000	720000	NA
25	Manual	Choice_Period_starttime	733258	733258
25	Response	11	749964	749964	1
26	Pulse	222	750000	750000	NA
26	Manual	Participant_Response_Displayed_starttime	750259	750259
27	Pulse	222	780000	780000	NA
27	Manual	Outcome_Individualtrial_Displayed_starttime	800421	800421
28	Pulse	222	810000	810000	NA
28	Manual	ITI_starttime	815576	815576
29	Pulse	222	840000	840000	NA
29	Manual	trial_3_onset	866739	866739
29	Manual	UrnsPresented_starttime	866754	866754
30	Pulse	222	870000	870000	NA
31	Pulse	222	900000	900000	NA
31	Manual	Choice_Period_starttime	909905	909905
31	Response	22	913600	913600	1
31	Manual	Participant_Response_Displayed_starttime	913908	913908
32	Pulse	222	930000	930000	NA
32	Manual	Outcome_Individualtrial_Displayed_starttime	958071	958071
33	Pulse	222	960000	960000	NA
33	Manual	ITI_starttime	973226	973226
34	Pulse	222	990000	990000	NA
34	Manual	trial_4_onset	1009390	1009390
34	Manual	UrnsPresented_starttime	1009404	1009404
35	Pulse	222	1020000	1020000	NA
35	Manual	Choice_Period_starttime	1034558	1034558
36	Pulse	222	1050000	1050000	NA
36	Response	22	1052497	1052497	1
36	Manual	Participant_Response_Displayed_starttime	1052893	1052893
37	Pulse	222	1080000	1080000	NA
37	Manual	Outcome_Individualtrial_Displayed_starttime	1080057	1080057
37	Manual	ITI_starttime	1095212	1095212
38	Pulse	222	1110000	1110000	NA
39	Pulse	222	1140000	1140000	NA
39	Manual	trial_5_onset	1146375	1146375
39	Manual	UrnsPresented_starttime	1146390	1146390
40	Pulse	222	1170000	1170000	NA
40	Manual	Choice_Period_starttime	1178542	1178542
40	Response	11	1199173	1199173	1
40	Manual	Participant_Response_Displayed_starttime	1199544	1199544
41	Pulse	222	1200000	1200000	NA
42	Pulse	222	1230000	1230000	NA
42	Manual	Outcome_Individualtrial_Displayed_starttime	1230707	1230707
42	Manual	OutcomeHistoryDisplayed_starttime	1245863	1245863
43	Pulse	222	1260000	1260000	NA
43	Manual	ShockOutcomeDisplayed_starttime	1276035	1276035
44	Pulse	222	1290000	1290000	NA
44	Manual	shock time	1301190	1301190
44	Manual	ExtraITI_starttime	1301194	1301194
45	Pulse	222	1320000	1320000	NA
45	Manual	ITI_starttime	1328354	1328354
46	Pulse	222	1350000	1350000	NA
46	Manual	trial_6_onset	1373517	1373517
46	Manual	UrnsPresented_starttime	1373531	1373531
47	Pulse	222	1380000	1380000	NA
47	Manual	Choice_Period_starttime	1400685	1400685
48	Pulse	222	1410000	1410000	NA
48	Response	11	1421248	1421248	1
48	Manual	Participant_Response_Displayed_starttime	1421686	1421686
49	Pulse	222	1440000	1440000	NA
49	Manual	Outcome_Individualtrial_Displayed_starttime	1449851	1449851
49	Manual	ITI_starttime	1465006	1465006
50	Pulse	222	1470000	1470000	NA
51	Pulse	222	1500000	1500000	NA
51	Manual	trial_7_onset	1517168	1517168
51	Manual	UrnsPresented_starttime	1517182	1517182
52	Pulse	222	1530000	1530000	NA
53	Pulse	222	1560000	1560000	NA
53	Manual	Choice_Period_starttime	1561334	1561334
53	Response	22	1567395	1567395	1
53	Manual	Participant_Response_Displayed_starttime	1567670	1567670
54	Pulse	222	1590000	1590000	NA
54	Manual	Outcome_Individualtrial_Displayed_starttime	1591835	1591835
54	Manual	ITI_starttime	1606990	1606990
55	Pulse	222	1620000	1620000	NA
55	Manual	trial_8_onset	1642154	1642154
55	Manual	UrnsPresented_starttime	1642169	1642169
56	Pulse	222	1650000	1650000	NA
56	Manual	Choice_Period_starttime	1674322	1674322
57	Pulse	222	1680000	1680000	NA
57	Response	22	1701851	1701851	1
57	Manual	Participant_Response_Displayed_starttime	1702323	1702323
58	Pulse	222	1710000	1710000	NA
59	Pulse	222	1740000	1740000	NA
59	Manual	Outcome_Individualtrial_Displayed_starttime	1740486	1740486
59	Manual	ITI_starttime	1755641	1755641
60	Pulse	222	1770000	1770000	NA
60	Manual	trial_9_onset	1795804	1795804
60	Manual	UrnsPresented_starttime	1795819	1795819
61	Pulse	222	1800000	1800000	NA
62	Pulse	222	1830000	1830000	NA
62	Manual	Choice_Period_starttime	1847970	1847970
63	Pulse	222	1860000	1860000	NA
63	Response	11	1870628	1870628	1
63	Manual	Participant_Response_Displayed_starttime	1870972	1870972
64	Pulse	222	1890000	1890000	NA
64	Manual	Outcome_Individualtrial_Displayed_starttime	1915133	1915133
65	Pulse	222	1920000	1920000	NA
65	Manual	ITI_starttime	1930288	1930288
66	Pulse	222	1950000	1950000	NA
66	Manual	trial_10_onset	1963452	1963452
66	Manual	UrnsPresented_starttime	1963467	1963467
67	Pulse	222	1980000	1980000	NA
67	Manual	Choice_Period_starttime	2004619	2004619
68	Pulse	222	2010000	2010000	NA
68	Response	11	2026084	2026084	1
68	Manual	Participant_Response_Displayed_starttime	2026287	2026287
69	Pulse	222	2040000	2040000	NA
69	Manual	Outcome_Individualtrial_Displayed_starttime	2063450	2063450
70	Pulse	222	2070000	2070000	NA
70	Manual	OutcomeHistoryDisplayed_starttime	2078605	2078605
71	Pulse	222	2100000	2100000	NA
71	Manual	ShockOutcomeDisplayed_starttime	2109778	2109778
72	Pulse	222	2130000	2130000	NA
72	Manual	shock time	2134933	2134933
72	Manual	ExtraITI_starttime	2134937	2134937
73	Pulse	222	2160000	2160000	NA
73	Manual	ITI_starttime	2170095	2170095
74	Pulse	222	2190000	2190000	NA
75	Pulse	222	2220000	2220000	NA
75	Manual	trial_11_onset	2230258	2230258
75	Manual	UrnsPresented_starttime	2230274	2230274
76	Pulse	222	2250000	2250000	NA
76	Manual	Choice_Period_starttime	2278423	2278423
77	Pulse	222	2280000	2280000	NA
77	Response	11	2281358	2281358	1
77	Manual	Participant_Response_Displayed_starttime	2281759	2281759
78	Pulse	222	2310000	2310000	NA
78	Manual	Outcome_Individualtrial_Displayed_starttime	2334921	2334921
79	Pulse	222	2340000	2340000	NA
79	Manual	ITI_starttime	2350076	2350076
80	Pulse	222	2370000	2370000	NA
81	Pulse	222	2400000	2400000	NA
81	Manual	trial_12_onset	2406238	2406238
81	Manual	UrnsPresented_starttime	2406253	2406253
82	Pulse	222	2430000	2430000	NA
82	Manual	Choice_Period_starttime	2432406	2432406
82	Response	11	2455584	2455584	1
82	Manual	Participant_Response_Displayed_starttime	2456073	2456073
83	Pulse	222	2460000	2460000	NA
84	Pulse	222	2490000	2490000	NA
84	Manual	Outcome_Individualtrial_Displayed_starttime	2497236	2497236
84	Manual	ITI_starttime	2512392	2512392
85	Pulse	222	2520000	2520000	NA
85	Manual	trial_13_onset	2543556	2543556
85	Manual	UrnsPresented_starttime	2543572	2543572
86	Pulse	222	2550000	2550000	NA
87	Pulse	222	2580000	2580000	NA
87	Manual	Choice_Period_starttime	2586723	2586723
87	Response	22	2591981	2591981	1
87	Manual	Participant_Response_Displayed_starttime	2592392	2592392
88	Pulse	222	2610000	2610000	NA
88	Manual	Outcome_Individualtrial_Displayed_starttime	2632556	2632556
89	Pulse	222	2640000	2640000	NA
89	Manual	ITI_starttime	2647710	2647710
90	Pulse	222	2670000	2670000	NA
91	Pulse	222	2700000	2700000	NA
91	Manual	trial_14_onset	2700872	2700872
91	Manual	UrnsPresented_starttime	2700888	2700888
92	Pulse	222	2730000	2730000	NA
92	Manual	Choice_Period_starttime	2733040	2733040
93	Pulse	222	2760000	2760000	NA
93	Response	22	2762147	2762147	1
93	Manual	Participant_Response_Displayed_starttime	2762373	2762373
93	Manual	Outcome_Individualtrial_Displayed_starttime	2787538	2787538
94	Pulse	222	2790000	2790000	NA
94	Manual	ITI_starttime	2802693	2802693
95	Pulse	222	2820000	2820000	NA
95	Manual	trial_15_onset	2842857	2842857
95	Manual	UrnsPresented_starttime	2842872	2842872
96	Pulse	222	2850000	2850000	NA
96	Manual	Choice_Period_starttime	2873025	2873025
97	Pulse	222	2880000	2880000	NA
97	Response	11	2887054	2887054	1
97	Manual	Participant_Response_Displayed_starttime	2887360	2887360
98	Pulse	222	2910000	2910000	NA
98	Manual	Outcome_Individualtrial_Displayed_starttime	2914524	2914524
98	Manual	OutcomeHistoryDisplayed_starttime	2929680	2929680
99	Pulse	222	2940000	2940000	NA
99	Manual	ShockOutcomeDisplayed_starttime	2949853	2949853
100	Pulse	222	2970000	2970000	NA
100	Manual	shock time	2975008	2975008
100	Manual	ExtraITI_starttime	2975012	2975012
101	Pulse	222	3000000	3000000	NA
101	Manual	ITI_starttime	3011171	3011171
102	Pulse	222	3030000	3030000	NA
102	Manual	trial_16_onset	3054334	3054334
102	Manual	UrnsPresented_starttime	3054348	3054348
103	Pulse	222	3060000	3060000	NA
103	Manual	Choice_Period_starttime	3084502	3084502
104	Pulse	222	3090000	3090000	NA
104	Response	22	3109459	3109459	1
104	Manual	Participant_Response_Displayed_starttime	3109836	3109836
105	Pulse	222	3120000	3120000	NA
105	Manual	Outcome_Individualtrial_Displayed_starttime	3141999	3141999
106	Pulse	222	3150000	3150000	NA
106	Manual	ITI_starttime	3157155	3157155
107	Pulse	222	3180000	3180000	NA
107	Manual	trial_17_onset	3188319	3188319
107	Manual	UrnsPresented_starttime	3188334	3188334
108	Pulse	222	3210000	3210000	NA
109	Pulse	222	3240000	3240000	NA
109	Manual	Choice_Period_starttime	3241485	3241485
109	Response	22	3245526	3245526	1
109	Manual	Participant_Response_Displayed_starttime	3245821	3245821
110	Pulse	222	3270000	3270000	NA
110	Manual	Outcome_Individualtrial_Displayed_starttime	3275985	3275985
110	Manual	ITI_starttime	3291140	3291140
111	Pulse	222	3300000	3300000	NA
112	Pulse	222	3330000	3330000	NA
112	Manual	trial_18_onset	3334304	3334304
112	Manual	UrnsPresented_starttime	3334319	3334319
113	Pulse	222	3360000	3360000	NA
113	Manual	Choice_Period_starttime	3366471	3366471
113	Response	22	3369383	3369383	1
113	Manual	Participant_Response_Displayed_starttime	3369808	3369808
114	Pulse	222	3390000	3390000	NA
114	Manual	Outcome_Individualtrial_Displayed_starttime	3413970	3413970
115	Pulse	222	3420000	3420000	NA
115	Manual	ITI_starttime	3429125	3429125
116	Pulse	222	3450000	3450000	NA
117	Pulse	222	3480000	3480000	NA
117	Manual	trial_19_onset	3486287	3486287
117	Manual	UrnsPresented_starttime	3486303	3486303
118	Pulse	222	3510000	3510000	NA
118	Manual	Choice_Period_starttime	3523454	3523454
118	Response	11	3526169	3526169	1
118	Manual	Participant_Response_Displayed_starttime	3526457	3526457
119	Pulse	222	3540000	3540000	NA
120	Pulse	222	3570000	3570000	NA
120	Manual	Outcome_Individualtrial_Displayed_starttime	3577619	3577619
120	Manual	ITI_starttime	3592774	3592774
121	Pulse	222	3600000	3600000	NA
122	Pulse	222	3630000	3630000	NA
122	Manual	trial_20_onset	3642937	3642937
122	Manual	UrnsPresented_starttime	3642953	3642953
123	Pulse	222	3660000	3660000	NA
123	Manual	Choice_Period_starttime	3682103	3682103
123	Response	22	3687495	3687495	1
123	Manual	Participant_Response_Displayed_starttime	3687772	3687772
124	Pulse	222	3690000	3690000	NA
124	Manual	Outcome_Individualtrial_Displayed_starttime	3710937	3710937
125	Pulse	222	3720000	3720000	NA
125	Manual	OutcomeHistoryDisplayed_starttime	3726093	3726093
126	Pulse	222	3750000	3750000	NA
126	Manual	ShockOutcomeDisplayed_starttime	3766265	3766265
127	Pulse	222	3780000	3780000	NA
127	Manual	shock time	3791419	3791419
127	Manual	ExtraITI_starttime	3791423	3791423
128	Pulse	222	3810000	3810000	NA
128	Manual	ITI_starttime	3821583	3821583
129	Pulse	222	3840000	3840000	NA
130	Pulse	222	3870000	3870000	NA
130	Manual	trial_21_onset	3878744	3878744
130	Manual	UrnsPresented_starttime	3878759	3878759
131	Pulse	222	3900000	3900000	NA
132	Pulse	222	3930000	3930000	NA
132	Manual	Choice_Period_starttime	3932910	3932910
132	Response	22	3935800	3935800	1
132	Manual	Participant_Response_Displayed_starttime	3936246	3936246
133	Pulse	222	3960000	3960000	NA
134	Pulse	222	3990000	3990000	NA
134	Manual	Outcome_Individualtrial_Displayed_starttime	3995407	3995407
134	Manual	ITI_starttime	4010562	4010562
135	Pulse	222	4020000	4020000	NA
135	Manual	trial_22_onset	4044726	4044726
135	Manual	UrnsPresented_starttime	4044741	4044741
136	Pulse	222	4050000	4050000	NA
137	Pulse	222	4080000	4080000	NA
137	Manual	Choice_Period_starttime	4085893	4085893
137	Response	11	4093786	4093786	1
137	Manual	Participant_Response_Displayed_starttime	4094229	4094229
138	Pulse	222	4110000	4110000	NA
138	Manual	Outcome_Individualtrial_Displayed_starttime	4117393	4117393
138	Manual	ITI_starttime	4132549	4132549
139	Pulse	222	4140000	4140000	NA
140	Pulse	222	4170000	4170000	NA
140	Manual	trial_23_onset	4180712	4180712
140	Manual	UrnsPresented_starttime	4180727	4180727
141	Pulse	222	4200000	4200000	NA
141	Response	22	4216813	4216813	1
142	Pulse	222	4230000	4230000	NA
142	Manual	Choice_Period_starttime	4231877	4231877
142	Response	22	4234492	4234492	1
142	Manual	Participant_Response_Displayed_starttime	4234880	4234880
143	Pulse	222	4260000	4260000	NA
144	Pulse	222	4290000	4290000	NA
144	Manual	Outcome_Individualtrial_Displayed_starttime	4295041	4295041
144	Manual	ITI_starttime	4310196	4310196
145	Pulse	222	4320000	4320000	NA
146	Pulse	222	4350000	4350000	NA
146	Manual	trial_24_onset	4370357	4370357
146	Manual	UrnsPresented_starttime	4370373	4370373
147	Pulse	222	4380000	4380000	NA
147	Manual	Choice_Period_starttime	4407525	4407525
148	Pulse	222	4410000	4410000	NA
148	Response	22	4424068	4424068	1
148	Manual	Participant_Response_Displayed_starttime	4424526	4424526
149	Pulse	222	4440000	4440000	NA
150	Pulse	222	4470000	4470000	NA
150	Manual	Outcome_Individualtrial_Displayed_starttime	4471689	4471689
150	Manual	ITI_starttime	4486844	4486844
151	Pulse	222	4500000	4500000	NA
152	Pulse	222	4530000	4530000	NA
152	Manual	trial_25_onset	4534007	4534007
152	Manual	UrnsPresented_starttime	4534021	4534021
153	Pulse	222	4560000	4560000	NA
153	Manual	Choice_Period_starttime	4575173	4575173
153	Response	11	4580075	4580075	1
153	Manual	Participant_Response_Displayed_starttime	4580509	4580509
154	Pulse	222	4590000	4590000	NA
155	Pulse	222	4620000	4620000	NA
155	Manual	Outcome_Individualtrial_Displayed_starttime	4636670	4636670
156	Pulse	222	4650000	4650000	NA
156	Manual	OutcomeHistoryDisplayed_starttime	4651826	4651826
156	Manual	ShockOutcomeDisplayed_starttime	4678998	4678998
157	Pulse	222	4680000	4680000	NA
157	Manual	shock time	4704153	4704153
157	Manual	ExtraITI_starttime	4704157	4704157
158	Pulse	222	4710000	4710000	NA
159	Pulse	222	4740000	4740000	NA
159	Manual	ITI_starttime	4744316	4744316
160	Pulse	222	4770000	4770000	NA
160	Manual	trial_26_onset	4787479	4787479
160	Manual	UrnsPresented_starttime	4787494	4787494
161	Pulse	222	4800000	4800000	NA
162	Pulse	222	4830000	4830000	NA
162	Manual	Choice_Period_starttime	4837644	4837644
162	Response	11	4859388	4859388	1
162	Manual	Participant_Response_Displayed_starttime	4859645	4859645
163	Pulse	222	4860000	4860000	NA
163	Manual	Outcome_Individualtrial_Displayed_starttime	4881810	4881810
164	Pulse	222	4890000	4890000	NA
164	Manual	ITI_starttime	4896966	4896966
165	Pulse	222	4920000	4920000	NA
165	Manual	trial_27_onset	4948128	4948128
165	Manual	UrnsPresented_starttime	4948143	4948143
166	Pulse	222	4950000	4950000	NA
166	Manual	Choice_Period_starttime	4975296	4975296
166	Response	11	4979995	4979995	1
167	Pulse	222	4980000	4980000	NA
167	Manual	Participant_Response_Displayed_starttime	4980298	4980298
168	Pulse	222	5010000	5010000	NA
168	Manual	Outcome_Individualtrial_Displayed_starttime	5010463	5010463
168	Manual	ITI_starttime	5025618	5025618
169	Pulse	222	5040000	5040000	NA
169	Manual	trial_28_onset	5064782	5064782
169	Manual	UrnsPresented_starttime	5064797	5064797
170	Pulse	222	5070000	5070000	NA
171	Pulse	222	5100000	5100000	NA
171	Manual	Choice_Period_starttime	5111948	5111948
171	Response	22	5114612	5114612	1
171	Manual	Participant_Response_Displayed_starttime	5114951	5114951
172	Pulse	222	5130000	5130000	NA
173	Pulse	222	5160000	5160000	NA
173	Manual	Outcome_Individualtrial_Displayed_starttime	5165113	5165113
173	Manual	ITI_starttime	5180268	5180268
174	Pulse	222	5190000	5190000	NA
175	Pulse	222	5220000	5220000	NA
175	Manual	trial_29_onset	5227431	5227431
175	Manual	UrnsPresented_starttime	5227445	5227445
176	Pulse	222	5250000	5250000	NA
177	Pulse	222	5280000	5280000	NA
177	Manual	Choice_Period_starttime	5280596	5280596
177	Response	11	5295398	5295398	1
177	Manual	Participant_Response_Displayed_starttime	5295598	5295598
178	Pulse	222	5310000	5310000	NA
179	Pulse	222	5340000	5340000	NA
179	Manual	Outcome_Individualtrial_Displayed_starttime	5342760	5342760
179	Manual	ITI_starttime	5357916	5357916
180	Pulse	222	5370000	5370000	NA
181	Pulse	222	5400000	5400000	NA
181	Manual	trial_30_onset	5409078	5409078
181	Manual	UrnsPresented_starttime	5409094	5409094
182	Pulse	222	5430000	5430000	NA
182	Manual	Choice_Period_starttime	5449245	5449245
182	Response	11	5452084	5452084	1
182	Manual	Participant_Response_Displayed_starttime	5452581	5452581
183	Pulse	222	5460000	5460000	NA
184	Pulse	222	5490000	5490000	NA
184	Manual	Outcome_Individualtrial_Displayed_starttime	5494744	5494744
184	Manual	OutcomeHistoryDisplayed_starttime	5509899	5509899
185	Pulse	222	5520000	5520000	NA
185	Manual	ShockOutcomeDisplayed_starttime	5536072	5536072
186	Pulse	222	5550000	5550000	NA
186	Manual	shock time	5561227	5561227
186	Manual	ExtraITI_starttime	5561231	5561231
187	Pulse	222	5580000	5580000	NA
187	Manual	ITI_starttime	5581391	5581391
188	Pulse	222	5610000	5610000	NA
188	Manual	trial_31_onset	5611556	5611556
188	Manual	UrnsPresented_starttime	5611571	5611571
189	Pulse	222	5640000	5640000	NA
189	Response	22	5652560	5652560	1
189	Manual	Choice_Period_starttime	5652722	5652722
189	Response	22	5657449	5657449	1
189	Manual	Participant_Response_Displayed_starttime	5657725	5657725
190	Pulse	222	5670000	5670000	NA
191	Pulse	222	5700000	5700000	NA
191	Manual	Outcome_Individualtrial_Displayed_starttime	5703888	5703888
191	Manual	ITI_starttime	5719043	5719043
192	Pulse	222	5730000	5730000	NA
193	Pulse	222	5760000	5760000	NA
193	Manual	trial_32_onset	5773205	5773205
193	Manual	UrnsPresented_starttime	5773220	5773220
194	Pulse	222	5790000	5790000	NA
194	Manual	Choice_Period_starttime	5814371	5814371
195	Pulse	222	5820000	5820000	NA
195	Response	22	5833525	5833525	1
195	Manual	Participant_Response_Displayed_starttime	5833706	5833706
196	Pulse	222	5850000	5850000	NA
196	Manual	Outcome_Individualtrial_Displayed_starttime	5876868	5876868
197	Pulse	222	5880000	5880000	NA
197	Manual	ITI_starttime	5892024	5892024
198	Pulse	222	5910000	5910000	NA
198	Manual	trial_33_onset	5925189	5925189
198	Manual	UrnsPresented_starttime	5925203	5925203
199	Pulse	222	5940000	5940000	NA
200	Pulse	222	5970000	5970000	NA
200	Manual	Choice_Period_starttime	5977354	5977354
200	Response	22	5987842	5987842	1
200	Manual	Participant_Response_Displayed_starttime	5988022	5988022
201	Pulse	222	6000000	6000000	NA
201	Manual	Outcome_Individualtrial_Displayed_starttime	6024186	6024186
202	Pulse	222	6030000	6030000	NA
202	Manual	ITI_starttime	6039341	6039341
203	Pulse	222	6060000	6060000	NA
203	Manual	trial_34_onset	6077505	6077505
203	Manual	UrnsPresented_starttime	6077520	6077520
204	Pulse	222	6090000	6090000	NA
205	Pulse	222	6120000	6120000	NA
205	Manual	Choice_Period_starttime	6132671	6132671
205	Response	22	6137008	6137008	1
205	Manual	Participant_Response_Displayed_starttime	6137340	6137340
206	Pulse	222	6150000	6150000	NA
207	Pulse	222	6180000	6180000	NA
207	Manual	Outcome_Individualtrial_Displayed_starttime	6185502	6185502
207	Manual	ITI_starttime	6200657	6200657
208	Pulse	222	6210000	6210000	NA
209	Pulse	222	6240000	6240000	NA
209	Manual	trial_35_onset	6244820	6244820
209	Manual	UrnsPresented_starttime	6244836	6244836
210	Pulse	222	6270000	6270000	NA
210	Manual	Choice_Period_starttime	6277988	6277988
211	Pulse	222	6300000	6300000	NA
211	Response	11	6303224	6303224	1
211	Manual	Participant_Response_Displayed_starttime	6303655	6303655
212	Pulse	222	6330000	6330000	NA
213	Pulse	222	6360000	6360000	NA
213	Manual	Outcome_Individualtrial_Displayed_starttime	6361816	6361816
213	Manual	OutcomeHistoryDisplayed_starttime	6376971	6376971
214	Pulse	222	6390000	6390000	NA
214	Manual	ShockOutcomeDisplayed_starttime	6398147	6398147
215	Pulse	222	6420000	6420000	NA
215	Manual	shock time	6423300	6423300
215	Manual	shock delivered	6423300	6423300
215	Manual	shock delivered	6423420	6423420
215	Manual	shock delivered	6423540	6423540
215	Manual	ExtraITI_starttime	6423664	6423664
216	Pulse	222	6450000	6450000	NA
216	Manual	ITI_starttime	6452796	6452796
217	Pulse	222	6480000	6480000	NA
217	Manual	trial_36_onset	6494960	6494960
217	Manual	UrnsPresented_starttime	6494975	6494975
218	Pulse	222	6510000	6510000	NA
218	Manual	Choice_Period_starttime	6523129	6523129
218	Response	11	6525909	6525909	1
218	Manual	Participant_Response_Displayed_starttime	6526131	6526131
219	Pulse	222	6540000	6540000	NA
219	Manual	Outcome_Individualtrial_Displayed_starttime	6567294	6567294
220	Pulse	222	6570000	6570000	NA
220	Manual	ITI_starttime	6582449	6582449
221	Pulse	222	6600000	6600000	NA
222	Pulse	222	6630000	6630000	NA
222	Manual	trial_37_onset	6632611	6632611
222	Manual	UrnsPresented_starttime	6632627	6632627
223	Pulse	222	6660000	6660000	NA
223	Manual	Choice_Period_starttime	6663780	6663780
223	Response	22	6671006	6671006	1
223	Manual	Participant_Response_Displayed_starttime	6671448	6671448
224	Pulse	222	6690000	6690000	NA
224	Manual	Outcome_Individualtrial_Displayed_starttime	6713611	6713611
225	Pulse	222	6720000	6720000	NA
225	Manual	ITI_starttime	6728766	6728766
226	Pulse	222	6750000	6750000	NA
227	Pulse	222	6780000	6780000	NA
227	Manual	trial_38_onset	6784928	6784928
227	Manual	UrnsPresented_starttime	6784944	6784944
228	Pulse	222	6810000	6810000	NA
228	Manual	Choice_Period_starttime	6838094	6838094
229	Pulse	222	6840000	6840000	NA
229	Response	22	6841892	6841892	1
229	Manual	Participant_Response_Displayed_starttime	6842097	6842097
230	Pulse	222	6870000	6870000	NA
231	Pulse	222	6900000	6900000	NA
231	Manual	Outcome_Individualtrial_Displayed_starttime	6900258	6900258
231	Manual	ITI_starttime	6915413	6915413
232	Pulse	222	6930000	6930000	NA
233	Pulse	222	6960000	6960000	NA
233	Manual	trial_39_onset	6969575	6969575
233	Manual	UrnsPresented_starttime	6969591	6969591
234	Pulse	222	6990000	6990000	NA
234	Manual	Choice_Period_starttime	7005742	7005742
234	Response	22	7009568	7009568	1
234	Manual	Participant_Response_Displayed_starttime	7009745	7009745
235	Pulse	222	7020000	7020000	NA
235	Manual	Outcome_Individualtrial_Displayed_starttime	7045908	7045908
236	Pulse	222	7050000	7050000	NA
236	Manual	ITI_starttime	7061064	7061064
237	Pulse	222	7080000	7080000	NA
238	Pulse	222	7110000	7110000	NA
238	Manual	trial_40_onset	7119225	7119225
238	Manual	UrnsPresented_starttime	7119241	7119241
239	Pulse	222	7140000	7140000	NA
239	Manual	Choice_Period_starttime	7169391	7169391
240	Pulse	222	7170000	7170000	NA
240	Response	22	7193334	7193334	1
240	Manual	Participant_Response_Displayed_starttime	7193725	7193725
241	Pulse	222	7200000	7200000	NA
242	Pulse	222	7230000	7230000	NA
242	Manual	Outcome_Individualtrial_Displayed_starttime	7237887	7237887
242	Manual	OutcomeHistoryDisplayed_starttime	7253043	7253043
243	Pulse	222	7260000	7260000	NA
244	Pulse	222	7290000	7290000	NA
244	Manual	ShockOutcomeDisplayed_starttime	7293214	7293214
244	Manual	shock time	7318369	7318369
244	Manual	shock delivered	7318369	7318369
244	Manual	ExtraITI_starttime	7318484	7318484
245	Pulse	222	7320000	7320000	NA
245	Manual	ITI_starttime	7338533	7338533
246	Pulse	222	7350000	7350000	NA
247	Pulse	222	7380000	7380000	NA
247	Manual	trial_41_onset	7398695	7398695
247	Manual	UrnsPresented_starttime	7398710	7398710
248	Pulse	222	7410000	7410000	NA
249	Pulse	222	7440000	7440000	NA
249	Manual	Choice_Period_starttime	7451861	7451861
249	Response	22	7465087	7465087	1
249	Manual	Participant_Response_Displayed_starttime	7465529	7465529
250	Pulse	222	7470000	7470000	NA
250	Manual	Outcome_Individualtrial_Displayed_starttime	7494693	7494693
251	Pulse	222	7500000	7500000	NA
251	Manual	ITI_starttime	7509848	7509848
252	Pulse	222	7530000	7530000	NA
252	Manual	trial_42_onset	7542013	7542013
252	Manual	UrnsPresented_starttime	7542028	7542028
253	Pulse	222	7560000	7560000	NA
253	Manual	Choice_Period_starttime	7588179	7588179
254	Pulse	222	7590000	7590000	NA
254	Response	11	7616184	7616184	1
254	Manual	Participant_Response_Displayed_starttime	7616513	7616513
255	Pulse	222	7620000	7620000	NA
256	Pulse	222	7650000	7650000	NA
256	Manual	Outcome_Individualtrial_Displayed_starttime	7668675	7668675
257	Pulse	222	7680000	7680000	NA
257	Manual	ITI_starttime	7683829	7683829
258	Pulse	222	7710000	7710000	NA
258	Manual	trial_43_onset	7733992	7733992
258	Manual	UrnsPresented_starttime	7734006	7734006
259	Pulse	222	7740000	7740000	NA
260	Pulse	222	7770000	7770000	NA
260	Manual	Choice_Period_starttime	7775158	7775158
260	Response	11	7782800	7782800	1
260	Manual	Participant_Response_Displayed_starttime	7783161	7783161
261	Pulse	222	7800000	7800000	NA
261	Manual	Outcome_Individualtrial_Displayed_starttime	7815324	7815324
262	Pulse	222	7830000	7830000	NA
262	Manual	ITI_starttime	7830480	7830480
263	Pulse	222	7860000	7860000	NA
263	Manual	trial_44_onset	7867644	7867644
263	Manual	UrnsPresented_starttime	7867660	7867660
264	Pulse	222	7890000	7890000	NA
264	Manual	Choice_Period_starttime	7897812	7897812
264	Response	22	7916497	7916497	1
264	Manual	Participant_Response_Displayed_starttime	7916814	7916814
265	Pulse	222	7920000	7920000	NA
266	Pulse	222	7950000	7950000	NA
266	Manual	Outcome_Individualtrial_Displayed_starttime	7950977	7950977
266	Manual	ITI_starttime	7966132	7966132
267	Pulse	222	7980000	7980000	NA
267	Manual	trial_45_onset	8008295	8008295
267	Manual	UrnsPresented_starttime	8008311	8008311
268	Pulse	222	8010000	8010000	NA
269	Pulse	222	8040000	8040000	NA
269	Manual	Choice_Period_starttime	8042463	8042463
269	Response	11	8046714	8046714	1
269	Manual	Participant_Response_Displayed_starttime	8047132	8047132
270	Pulse	222	8070000	8070000	NA
270	Manual	Outcome_Individualtrial_Displayed_starttime	8095294	8095294
271	Pulse	222	8100000	8100000	NA
271	Manual	OutcomeHistoryDisplayed_starttime	8110449	8110449
272	Pulse	222	8130000	8130000	NA
272	Manual	ShockOutcomeDisplayed_starttime	8149621	8149621
273	Pulse	222	8160000	8160000	NA
273	Manual	shock time	8174776	8174776
273	Manual	shock delivered	8174776	8174776
273	Manual	shock delivered	8174890	8174890
273	Manual	ExtraITI_starttime	8175014	8175014
274	Pulse	222	8190000	8190000	NA
274	Manual	ITI_starttime	8200106	8200106
275	Pulse	222	8220000	8220000	NA
276	Pulse	222	8250000	8250000	NA
276	Manual	trial_46_onset	8258268	8258268
276	Manual	UrnsPresented_starttime	8258283	8258283
277	Pulse	222	8280000	8280000	NA
277	Manual	Choice_Period_starttime	8309433	8309433
278	Pulse	222	8310000	8310000	NA
278	Response	11	8334477	8334477	1
278	Manual	Participant_Response_Displayed_starttime	8334768	8334768
278	Response	11	8335747	8335747	1
279	Pulse	222	8340000	8340000	NA
280	Pulse	222	8370000	8370000	NA
280	Manual	Outcome_Individualtrial_Displayed_starttime	8393929	8393929
281	Pulse	222	8400000	8400000	NA
281	Manual	ITI_starttime	8409084	8409084
282	Pulse	222	8430000	8430000	NA
283	Pulse	222	8460000	8460000	NA
283	Manual	trial_47_onset	8461246	8461246
283	Manual	UrnsPresented_starttime	8461261	8461261
284	Pulse	222	8490000	8490000	NA
284	Manual	Choice_Period_starttime	8492414	8492414
284	Response	11	8507263	8507263	1
284	Manual	Participant_Response_Displayed_starttime	8507749	8507749
285	Pulse	222	8520000	8520000	NA
286	Pulse	222	8550000	8550000	NA
286	Manual	Outcome_Individualtrial_Displayed_starttime	8556911	8556911
286	Manual	ITI_starttime	8572066	8572066
287	Pulse	222	8580000	8580000	NA
288	Pulse	222	8610000	8610000	NA
288	Manual	trial_48_onset	8622229	8622229
288	Manual	UrnsPresented_starttime	8622245	8622245
289	Pulse	222	8640000	8640000	NA
290	Pulse	222	8670000	8670000	NA
290	Manual	Choice_Period_starttime	8675394	8675394
290	Response	11	8678999	8678999	1
290	Manual	Participant_Response_Displayed_starttime	8679397	8679397
291	Pulse	222	8700000	8700000	NA
291	Manual	Outcome_Individualtrial_Displayed_starttime	8719560	8719560
292	Pulse	222	8730000	8730000	NA
292	Manual	ITI_starttime	8734715	8734715
293	Pulse	222	8760000	8760000	NA
293	Manual	trial_49_onset	8777878	8777878
293	Manual	UrnsPresented_starttime	8777894	8777894
294	Pulse	222	8790000	8790000	NA
295	Pulse	222	8820000	8820000	NA
295	Manual	Choice_Period_starttime	8823045	8823045
295	Response	22	8832746	8832746	1
295	Manual	Participant_Response_Displayed_starttime	8833047	8833047
296	Pulse	222	8850000	8850000	NA
297	Pulse	222	8880000	8880000	NA
297	Manual	Outcome_Individualtrial_Displayed_starttime	8892208	8892208
297	Manual	ITI_starttime	8907363	8907363
298	Pulse	222	8910000	8910000	NA
299	Pulse	222	8940000	8940000	NA
299	Manual	trial_50_onset	8951526	8951526
299	Manual	UrnsPresented_starttime	8951541	8951541
300	Pulse	222	8970000	8970000	NA
300	Manual	Choice_Period_starttime	8978694	8978694
300	Response	22	8989302	8989302	1
300	Manual	Participant_Response_Displayed_starttime	8989696	8989696
301	Pulse	222	9000000	9000000	NA
301	Manual	Outcome_Individualtrial_Displayed_starttime	9011861	9011861
301	Manual	OutcomeHistoryDisplayed_starttime	9027017	9027017
302	Pulse	222	9030000	9030000	NA
303	Pulse	222	9060000	9060000	NA
303	Manual	ShockOutcomeDisplayed_starttime	9065189	9065189
304	Pulse	222	9090000	9090000	NA
304	Manual	shock time	9090343	9090343
304	Manual	shock delivered	9090343	9090343
304	Manual	shock delivered	9090460	9090460
304	Manual	ExtraITI_starttime	9090583	9090583
304	Manual	ITI_starttime	9117673	9117673
305	Pulse	222	9120000	9120000	NA
306	Pulse	222	9150000	9150000	NA
307	Pulse	222	9180000	9180000	NA
308	Pulse	222	9210000	9210000	NA
309	Pulse	222	9240000	9240000	NA
310	Pulse	222	9270000	9270000	NA
311	Pulse	222	9300000	9300000	NA
312	Pulse	222	9330000	9330000	NA
