Scenario - 
Logfile written - 08/31/2015 18:00:47

Pulse	Event Type	Code	Time	TTime	Uncertainty	Duration	Uncertainty	ReqTime	ReqDur	Stim Type	Pair Index

1	Pulse	222	0	0	NA
2	Pulse	222	30000	30000	NA
3	Pulse	222	60000	60000	NA
4	Pulse	222	90000	90000	NA
5	Pulse	222	120000	120000	NA
6	Pulse	222	150000	150000	NA
7	Pulse	222	180000	180000	NA
8	Pulse	222	210000	210000	NA
9	Pulse	222	240000	240000	NA
10	Pulse	222	270000	270000	NA
11	Pulse	222	300000	300000	NA
12	Pulse	222	330000	330000	NA
13	Pulse	222	360000	360000	NA
14	Pulse	222	390000	390000	NA
14	Manual	trial_1_onset	397618	397618
14	Manual	FIRST_ITI_starttime	397629	397629
15	Pulse	222	420000	420000	NA
16	Pulse	222	450000	450000	NA
17	Pulse	222	480000	480000	NA
17	Manual	UrnsPresented_starttime	497784	497784
18	Pulse	222	510000	510000	NA
19	Pulse	222	540000	540000	NA
19	Manual	Choice_Period_starttime	541946	541946
19	Response	22	557073	557073	1
19	Manual	Participant_Response_Displayed_starttime	557281	557281
20	Pulse	222	570000	570000	NA
20	Manual	Outcome_Individualtrial_Displayed_starttime	592445	592445
21	Pulse	222	600000	600000	NA
21	Manual	ITI_starttime	607599	607599
22	Pulse	222	630000	630000	NA
22	Manual	trial_2_onset	642763	642763
22	Manual	UrnsPresented_starttime	642778	642778
23	Pulse	222	660000	660000	NA
23	Manual	Choice_Period_starttime	679931	679931
23	Response	22	684630	684630	1
23	Manual	Participant_Response_Displayed_starttime	684934	684934
24	Pulse	222	690000	690000	NA
25	Pulse	222	720000	720000	NA
25	Manual	Outcome_Individualtrial_Displayed_starttime	725096	725096
25	Manual	ITI_starttime	740251	740251
26	Pulse	222	750000	750000	NA
27	Pulse	222	780000	780000	NA
27	Manual	trial_3_onset	784414	784414
27	Manual	UrnsPresented_starttime	784430	784430
28	Pulse	222	810000	810000	NA
28	Manual	Choice_Period_starttime	824581	824581
29	Pulse	222	840000	840000	NA
29	Response	22	841067	841067	1
29	Manual	Participant_Response_Displayed_starttime	841250	841250
30	Pulse	222	870000	870000	NA
30	Manual	Outcome_Individualtrial_Displayed_starttime	897411	897411
31	Pulse	222	900000	900000	NA
31	Manual	ITI_starttime	912566	912566
32	Pulse	222	930000	930000	NA
33	Pulse	222	960000	960000	NA
33	Manual	trial_4_onset	966728	966728
33	Manual	UrnsPresented_starttime	966743	966743
34	Pulse	222	990000	990000	NA
34	Manual	Choice_Period_starttime	1008894	1008894
34	Response	11	1013643	1013643	1
34	Manual	Participant_Response_Displayed_starttime	1013897	1013897
35	Pulse	222	1020000	1020000	NA
36	Pulse	222	1050000	1050000	NA
36	Manual	Outcome_Individualtrial_Displayed_starttime	1067059	1067059
37	Pulse	222	1080000	1080000	NA
37	Manual	ITI_starttime	1082214	1082214
38	Pulse	222	1110000	1110000	NA
38	Manual	trial_5_onset	1134376	1134376
38	Manual	UrnsPresented_starttime	1134392	1134392
39	Pulse	222	1140000	1140000	NA
40	Pulse	222	1170000	1170000	NA
40	Manual	Choice_Period_starttime	1177543	1177543
40	Response	11	1184529	1184529	1
40	Manual	Participant_Response_Displayed_starttime	1184879	1184879
41	Pulse	222	1200000	1200000	NA
41	Manual	Outcome_Individualtrial_Displayed_starttime	1211043	1211043
41	Manual	OutcomeHistoryDisplayed_starttime	1226198	1226198
42	Pulse	222	1230000	1230000	NA
42	Manual	ShockOutcomeDisplayed_starttime	1246372	1246372
43	Pulse	222	1260000	1260000	NA
43	Manual	shock time	1271527	1271527
43	Manual	ExtraITI_starttime	1271531	1271531
44	Pulse	222	1290000	1290000	NA
44	Manual	ITI_starttime	1294691	1294691
45	Pulse	222	1320000	1320000	NA
45	Manual	trial_6_onset	1330855	1330855
45	Manual	UrnsPresented_starttime	1330870	1330870
46	Pulse	222	1350000	1350000	NA
46	Manual	Choice_Period_starttime	1370021	1370021
46	Response	11	1373324	1373324	1
46	Manual	Participant_Response_Displayed_starttime	1373691	1373691
47	Pulse	222	1380000	1380000	NA
48	Pulse	222	1410000	1410000	NA
48	Manual	Outcome_Individualtrial_Displayed_starttime	1424853	1424853
49	Pulse	222	1440000	1440000	NA
49	Manual	ITI_starttime	1440008	1440008
50	Pulse	222	1470000	1470000	NA
50	Manual	trial_7_onset	1475172	1475172
50	Manual	UrnsPresented_starttime	1475187	1475187
51	Pulse	222	1500000	1500000	NA
51	Manual	Choice_Period_starttime	1524338	1524338
51	Response	22	1528931	1528931	1
51	Manual	Participant_Response_Displayed_starttime	1529341	1529341
52	Pulse	222	1530000	1530000	NA
53	Pulse	222	1560000	1560000	NA
53	Manual	Outcome_Individualtrial_Displayed_starttime	1572504	1572504
53	Manual	ITI_starttime	1587659	1587659
54	Pulse	222	1590000	1590000	NA
55	Pulse	222	1620000	1620000	NA
55	Manual	trial_8_onset	1629822	1629822
55	Manual	UrnsPresented_starttime	1629838	1629838
56	Pulse	222	1650000	1650000	NA
56	Manual	Choice_Period_starttime	1670989	1670989
56	Response	22	1675437	1675437	1
56	Manual	Participant_Response_Displayed_starttime	1675658	1675658
57	Pulse	222	1680000	1680000	NA
58	Pulse	222	1710000	1710000	NA
58	Manual	Outcome_Individualtrial_Displayed_starttime	1729820	1729820
59	Pulse	222	1740000	1740000	NA
59	Manual	ITI_starttime	1744975	1744975
60	Pulse	222	1770000	1770000	NA
60	Manual	trial_9_onset	1781139	1781139
60	Manual	UrnsPresented_starttime	1781155	1781155
61	Pulse	222	1800000	1800000	NA
62	Pulse	222	1830000	1830000	NA
62	Manual	Choice_Period_starttime	1834305	1834305
62	Response	11	1836613	1836613	1
62	Manual	Participant_Response_Displayed_starttime	1836974	1836974
63	Pulse	222	1860000	1860000	NA
63	Manual	Outcome_Individualtrial_Displayed_starttime	1877138	1877138
64	Pulse	222	1890000	1890000	NA
64	Manual	ITI_starttime	1892292	1892292
65	Pulse	222	1920000	1920000	NA
65	Manual	trial_10_onset	1937455	1937455
65	Manual	UrnsPresented_starttime	1937470	1937470
66	Pulse	222	1950000	1950000	NA
67	Pulse	222	1980000	1980000	NA
67	Manual	Choice_Period_starttime	1988621	1988621
67	Response	22	1991510	1991510	1
67	Manual	Participant_Response_Displayed_starttime	1991957	1991957
68	Pulse	222	2010000	2010000	NA
68	Manual	Outcome_Individualtrial_Displayed_starttime	2012122	2012122
68	Manual	OutcomeHistoryDisplayed_starttime	2027278	2027278
69	Pulse	222	2040000	2040000	NA
69	Manual	ShockOutcomeDisplayed_starttime	2060450	2060450
70	Pulse	222	2070000	2070000	NA
70	Manual	shock time	2085605	2085605
70	Manual	shock delivered	2085605	2085605
70	Manual	shock delivered	2085720	2085720
70	Manual	ExtraITI_starttime	2085844	2085844
71	Pulse	222	2100000	2100000	NA
71	Manual	ITI_starttime	2112935	2112935
72	Pulse	222	2130000	2130000	NA
72	Manual	trial_11_onset	2153100	2153100
72	Manual	UrnsPresented_starttime	2153115	2153115
73	Pulse	222	2160000	2160000	NA
74	Pulse	222	2190000	2190000	NA
74	Manual	Choice_Period_starttime	2198265	2198265
74	Response	11	2215675	2215675	1
74	Manual	Participant_Response_Displayed_starttime	2215933	2215933
75	Pulse	222	2220000	2220000	NA
76	Pulse	222	2250000	2250000	NA
76	Manual	Outcome_Individualtrial_Displayed_starttime	2261096	2261096
76	Manual	ITI_starttime	2276251	2276251
77	Pulse	222	2280000	2280000	NA
78	Pulse	222	2310000	2310000	NA
78	Manual	trial_12_onset	2334412	2334412
78	Manual	UrnsPresented_starttime	2334428	2334428
79	Pulse	222	2340000	2340000	NA
80	Pulse	222	2370000	2370000	NA
80	Manual	Choice_Period_starttime	2372579	2372579
80	Response	11	2376431	2376431	1
80	Manual	Participant_Response_Displayed_starttime	2376916	2376916
81	Pulse	222	2400000	2400000	NA
81	Manual	Outcome_Individualtrial_Displayed_starttime	2416079	2416079
82	Pulse	222	2430000	2430000	NA
82	Manual	ITI_starttime	2431234	2431234
83	Pulse	222	2460000	2460000	NA
83	Manual	trial_13_onset	2465398	2465398
83	Manual	UrnsPresented_starttime	2465413	2465413
84	Pulse	222	2490000	2490000	NA
84	Manual	Choice_Period_starttime	2518564	2518564
85	Pulse	222	2520000	2520000	NA
85	Response	11	2541477	2541477	1
85	Manual	Participant_Response_Displayed_starttime	2541899	2541899
86	Pulse	222	2550000	2550000	NA
86	Manual	Outcome_Individualtrial_Displayed_starttime	2571062	2571062
87	Pulse	222	2580000	2580000	NA
87	Manual	ITI_starttime	2586217	2586217
88	Pulse	222	2610000	2610000	NA
88	Manual	trial_14_onset	2628380	2628380
88	Manual	UrnsPresented_starttime	2628395	2628395
89	Pulse	222	2640000	2640000	NA
89	Manual	Choice_Period_starttime	2667547	2667547
90	Pulse	222	2670000	2670000	NA
90	Response	11	2675543	2675543	2
90	Manual	Participant_Response_Displayed_starttime	2675883	2675883
91	Pulse	222	2700000	2700000	NA
91	Manual	Outcome_Individualtrial_Displayed_starttime	2713046	2713046
91	Manual	ITI_starttime	2728202	2728202
92	Pulse	222	2730000	2730000	NA
93	Pulse	222	2760000	2760000	NA
93	Manual	trial_15_onset	2780364	2780364
93	Manual	UrnsPresented_starttime	2780379	2780379
94	Pulse	222	2790000	2790000	NA
95	Pulse	222	2820000	2820000	NA
95	Response	22	2824340	2824340	1
95	Manual	Choice_Period_starttime	2828530	2828530
95	Response	22	2831680	2831680	1
95	Manual	Participant_Response_Displayed_starttime	2831866	2831866
96	Pulse	222	2850000	2850000	NA
96	Manual	Outcome_Individualtrial_Displayed_starttime	2856030	2856030
96	Manual	OutcomeHistoryDisplayed_starttime	2871186	2871186
97	Pulse	222	2880000	2880000	NA
97	Manual	ShockOutcomeDisplayed_starttime	2894360	2894360
98	Pulse	222	2910000	2910000	NA
98	Manual	shock time	2919514	2919514
98	Manual	ExtraITI_starttime	2919519	2919519
99	Pulse	222	2940000	2940000	NA
99	Manual	ITI_starttime	2948678	2948678
100	Pulse	222	2970000	2970000	NA
100	Manual	trial_16_onset	2984841	2984841
100	Manual	UrnsPresented_starttime	2984857	2984857
101	Pulse	222	3000000	3000000	NA
101	Manual	Choice_Period_starttime	3020009	3020009
101	Response	22	3027916	3027916	1
101	Manual	Participant_Response_Displayed_starttime	3028345	3028345
102	Pulse	222	3030000	3030000	NA
103	Pulse	222	3060000	3060000	NA
103	Manual	Outcome_Individualtrial_Displayed_starttime	3078507	3078507
104	Pulse	222	3090000	3090000	NA
104	Manual	ITI_starttime	3093662	3093662
105	Pulse	222	3120000	3120000	NA
105	Manual	trial_17_onset	3128826	3128826
105	Manual	UrnsPresented_starttime	3128841	3128841
106	Pulse	222	3150000	3150000	NA
106	Manual	Choice_Period_starttime	3169992	3169992
106	Response	22	3173212	3173212	1
106	Manual	Participant_Response_Displayed_starttime	3173662	3173662
107	Pulse	222	3180000	3180000	NA
107	Manual	Outcome_Individualtrial_Displayed_starttime	3202826	3202826
108	Pulse	222	3210000	3210000	NA
108	Manual	ITI_starttime	3217982	3217982
109	Pulse	222	3240000	3240000	NA
109	Manual	trial_18_onset	3269144	3269144
109	Manual	UrnsPresented_starttime	3269160	3269160
110	Pulse	222	3270000	3270000	NA
111	Pulse	222	3300000	3300000	NA
111	Manual	Choice_Period_starttime	3310311	3310311
111	Response	22	3313419	3313419	1
111	Manual	Participant_Response_Displayed_starttime	3313648	3313648
112	Pulse	222	3330000	3330000	NA
112	Manual	Outcome_Individualtrial_Displayed_starttime	3334812	3334812
112	Manual	ITI_starttime	3349967	3349967
113	Pulse	222	3360000	3360000	NA
113	Manual	trial_19_onset	3389131	3389131
113	Manual	UrnsPresented_starttime	3389147	3389147
114	Pulse	222	3390000	3390000	NA
115	Pulse	222	3420000	3420000	NA
115	Manual	Choice_Period_starttime	3438297	3438297
115	Response	11	3442426	3442426	1
115	Manual	Participant_Response_Displayed_starttime	3442634	3442634
116	Pulse	222	3450000	3450000	NA
116	Manual	Outcome_Individualtrial_Displayed_starttime	3474797	3474797
117	Pulse	222	3480000	3480000	NA
117	Manual	ITI_starttime	3489952	3489952
118	Pulse	222	3510000	3510000	NA
118	Manual	trial_20_onset	3538115	3538115
118	Manual	UrnsPresented_starttime	3538130	3538130
119	Pulse	222	3540000	3540000	NA
120	Pulse	222	3570000	3570000	NA
120	Manual	Choice_Period_starttime	3584280	3584280
120	Response	11	3593453	3593453	1
120	Manual	Participant_Response_Displayed_starttime	3593950	3593950
121	Pulse	222	3600000	3600000	NA
121	Manual	Outcome_Individualtrial_Displayed_starttime	3619114	3619114
122	Pulse	222	3630000	3630000	NA
122	Manual	OutcomeHistoryDisplayed_starttime	3634270	3634270
123	Pulse	222	3660000	3660000	NA
123	Manual	ShockOutcomeDisplayed_starttime	3669442	3669442
124	Pulse	222	3690000	3690000	NA
124	Manual	shock time	3694596	3694596
124	Manual	shock delivered	3694596	3694596
124	Manual	shock delivered	3694710	3694710
124	Manual	shock delivered	3694830	3694830
124	Manual	ExtraITI_starttime	3694954	3694954
125	Pulse	222	3720000	3720000	NA
125	Manual	ITI_starttime	3726093	3726093
126	Pulse	222	3750000	3750000	NA
126	Manual	trial_21_onset	3763257	3763257
126	Manual	UrnsPresented_starttime	3763272	3763272
127	Pulse	222	3780000	3780000	NA
127	Manual	Choice_Period_starttime	3802424	3802424
127	Response	22	3807888	3807888	1
127	Manual	Participant_Response_Displayed_starttime	3808094	3808094
128	Pulse	222	3810000	3810000	NA
129	Pulse	222	3840000	3840000	NA
129	Manual	Outcome_Individualtrial_Displayed_starttime	3842257	3842257
129	Manual	ITI_starttime	3857412	3857412
130	Pulse	222	3870000	3870000	NA
130	Manual	trial_22_onset	3893576	3893576
130	Manual	UrnsPresented_starttime	3893592	3893592
131	Pulse	222	3900000	3900000	NA
132	Pulse	222	3930000	3930000	NA
132	Manual	Choice_Period_starttime	3938742	3938742
132	Response	22	3941684	3941684	1
132	Manual	Participant_Response_Displayed_starttime	3942079	3942079
133	Pulse	222	3960000	3960000	NA
133	Manual	Outcome_Individualtrial_Displayed_starttime	3977242	3977242
134	Pulse	222	3990000	3990000	NA
134	Manual	ITI_starttime	3992397	3992397
135	Pulse	222	4020000	4020000	NA
135	Manual	trial_23_onset	4045560	4045560
135	Manual	UrnsPresented_starttime	4045576	4045576
136	Pulse	222	4050000	4050000	NA
136	Manual	Choice_Period_starttime	4074728	4074728
136	Response	22	4077281	4077281	1
136	Manual	Participant_Response_Displayed_starttime	4077731	4077731
137	Pulse	222	4080000	4080000	NA
138	Pulse	222	4110000	4110000	NA
138	Manual	Outcome_Individualtrial_Displayed_starttime	4133892	4133892
139	Pulse	222	4140000	4140000	NA
139	Manual	ITI_starttime	4149047	4149047
140	Pulse	222	4170000	4170000	NA
140	Manual	trial_24_onset	4187211	4187211
140	Manual	UrnsPresented_starttime	4187226	4187226
141	Pulse	222	4200000	4200000	NA
141	Manual	Choice_Period_starttime	4229377	4229377
142	Pulse	222	4230000	4230000	NA
142	Response	11	4247037	4247037	1
142	Manual	Participant_Response_Displayed_starttime	4247379	4247379
143	Pulse	222	4260000	4260000	NA
144	Pulse	222	4290000	4290000	NA
144	Manual	Outcome_Individualtrial_Displayed_starttime	4295541	4295541
144	Manual	ITI_starttime	4310696	4310696
145	Pulse	222	4320000	4320000	NA
146	Pulse	222	4350000	4350000	NA
146	Manual	trial_25_onset	4364858	4364858
146	Manual	UrnsPresented_starttime	4364874	4364874
147	Pulse	222	4380000	4380000	NA
147	Manual	Choice_Period_starttime	4391027	4391027
147	Response	22	4401424	4401424	1
147	Manual	Participant_Response_Displayed_starttime	4401696	4401696
148	Pulse	222	4410000	4410000	NA
148	Manual	Outcome_Individualtrial_Displayed_starttime	4429860	4429860
149	Pulse	222	4440000	4440000	NA
149	Manual	OutcomeHistoryDisplayed_starttime	4445015	4445015
150	Pulse	222	4470000	4470000	NA
150	Manual	ShockOutcomeDisplayed_starttime	4485187	4485187
151	Pulse	222	4500000	4500000	NA
151	Manual	shock time	4510341	4510341
151	Manual	shock delivered	4510341	4510341
151	Manual	shock delivered	4510460	4510460
151	Manual	shock delivered	4510580	4510580
151	Manual	ExtraITI_starttime	4510704	4510704
152	Pulse	222	4530000	4530000	NA
152	Manual	ITI_starttime	4541838	4541838
153	Pulse	222	4560000	4560000	NA
154	Pulse	222	4590000	4590000	NA
154	Manual	trial_26_onset	4595000	4595000
154	Manual	UrnsPresented_starttime	4595016	4595016
155	Pulse	222	4620000	4620000	NA
155	Response	11	4620719	4620719	1
155	Manual	Choice_Period_starttime	4625168	4625168
155	Response	11	4628488	4628488	1
155	Manual	Participant_Response_Displayed_starttime	4628837	4628837
156	Pulse	222	4650000	4650000	NA
157	Pulse	222	4680000	4680000	NA
157	Manual	Outcome_Individualtrial_Displayed_starttime	4686999	4686999
157	Manual	ITI_starttime	4702154	4702154
158	Pulse	222	4710000	4710000	NA
159	Pulse	222	4740000	4740000	NA
159	Manual	trial_27_onset	4761315	4761315
159	Manual	UrnsPresented_starttime	4761331	4761331
160	Pulse	222	4770000	4770000	NA
161	Pulse	222	4800000	4800000	NA
161	Response	22	4807464	4807464	1
161	Manual	Choice_Period_starttime	4809481	4809481
161	Response	22	4812684	4812684	1
161	Manual	Participant_Response_Displayed_starttime	4813150	4813150
162	Pulse	222	4830000	4830000	NA
162	Manual	Outcome_Individualtrial_Displayed_starttime	4852313	4852313
163	Pulse	222	4860000	4860000	NA
163	Manual	ITI_starttime	4867469	4867469
164	Pulse	222	4890000	4890000	NA
164	Manual	trial_28_onset	4917632	4917632
164	Manual	UrnsPresented_starttime	4917647	4917647
165	Pulse	222	4920000	4920000	NA
166	Pulse	222	4950000	4950000	NA
166	Manual	Choice_Period_starttime	4955798	4955798
166	Response	11	4972190	4972190	1
166	Manual	Participant_Response_Displayed_starttime	4972467	4972467
167	Pulse	222	4980000	4980000	NA
168	Pulse	222	5010000	5010000	NA
168	Manual	Outcome_Individualtrial_Displayed_starttime	5028628	5028628
169	Pulse	222	5040000	5040000	NA
169	Manual	ITI_starttime	5043783	5043783
170	Pulse	222	5070000	5070000	NA
170	Manual	trial_29_onset	5084947	5084947
170	Manual	UrnsPresented_starttime	5084962	5084962
171	Pulse	222	5100000	5100000	NA
172	Pulse	222	5130000	5130000	NA
172	Manual	Choice_Period_starttime	5134112	5134112
172	Response	22	5136947	5136947	1
172	Manual	Participant_Response_Displayed_starttime	5137449	5137449
173	Pulse	222	5160000	5160000	NA
173	Manual	Outcome_Individualtrial_Displayed_starttime	5168614	5168614
173	Manual	ITI_starttime	5183768	5183768
174	Pulse	222	5190000	5190000	NA
174	Manual	trial_30_onset	5219932	5219932
174	Manual	UrnsPresented_starttime	5219948	5219948
175	Pulse	222	5220000	5220000	NA
176	Pulse	222	5250000	5250000	NA
176	Manual	Choice_Period_starttime	5256099	5256099
176	Response	11	5260014	5260014	1
176	Manual	Participant_Response_Displayed_starttime	5260436	5260436
177	Pulse	222	5280000	5280000	NA
178	Pulse	222	5310000	5310000	NA
178	Manual	Outcome_Individualtrial_Displayed_starttime	5310598	5310598
178	Manual	OutcomeHistoryDisplayed_starttime	5325752	5325752
179	Pulse	222	5340000	5340000	NA
179	Manual	ShockOutcomeDisplayed_starttime	5357925	5357925
180	Pulse	222	5370000	5370000	NA
180	Manual	shock time	5383079	5383079
180	Manual	shock delivered	5383080	5383080
180	Manual	shock delivered	5383200	5383200
180	Manual	ExtraITI_starttime	5383324	5383324
181	Pulse	222	5400000	5400000	NA
181	Manual	ITI_starttime	5414410	5414410
182	Pulse	222	5430000	5430000	NA
182	Manual	trial_31_onset	5453573	5453573
182	Manual	UrnsPresented_starttime	5453588	5453588
183	Pulse	222	5460000	5460000	NA
184	Pulse	222	5490000	5490000	NA
184	Manual	Choice_Period_starttime	5492740	5492740
184	Response	11	5496088	5496088	1
184	Manual	Participant_Response_Displayed_starttime	5496410	5496410
185	Pulse	222	5520000	5520000	NA
185	Manual	Outcome_Individualtrial_Displayed_starttime	5528573	5528573
185	Manual	ITI_starttime	5543729	5543729
186	Pulse	222	5550000	5550000	NA
187	Pulse	222	5580000	5580000	NA
187	Manual	trial_32_onset	5580893	5580893
187	Manual	UrnsPresented_starttime	5580908	5580908
188	Pulse	222	5610000	5610000	NA
188	Manual	Choice_Period_starttime	5628058	5628058
188	Response	11	5630395	5630395	1
188	Manual	Participant_Response_Displayed_starttime	5630728	5630728
189	Pulse	222	5640000	5640000	NA
190	Pulse	222	5670000	5670000	NA
190	Manual	Outcome_Individualtrial_Displayed_starttime	5688889	5688889
191	Pulse	222	5700000	5700000	NA
191	Manual	ITI_starttime	5704045	5704045
192	Pulse	222	5730000	5730000	NA
192	Manual	trial_33_onset	5745208	5745208
192	Manual	UrnsPresented_starttime	5745224	5745224
193	Pulse	222	5760000	5760000	NA
194	Pulse	222	5790000	5790000	NA
194	Manual	Choice_Period_starttime	5795374	5795374
194	Response	22	5802371	5802371	1
194	Manual	Participant_Response_Displayed_starttime	5802709	5802709
195	Pulse	222	5820000	5820000	NA
196	Pulse	222	5850000	5850000	NA
196	Manual	Outcome_Individualtrial_Displayed_starttime	5853871	5853871
196	Manual	ITI_starttime	5869027	5869027
197	Pulse	222	5880000	5880000	NA
198	Pulse	222	5910000	5910000	NA
198	Manual	trial_34_onset	5927188	5927188
198	Manual	UrnsPresented_starttime	5927204	5927204
199	Pulse	222	5940000	5940000	NA
199	Manual	Choice_Period_starttime	5954357	5954357
200	Pulse	222	5970000	5970000	NA
200	Response	11	5974077	5974077	1
200	Manual	Participant_Response_Displayed_starttime	5974358	5974358
201	Pulse	222	6000000	6000000	NA
202	Pulse	222	6030000	6030000	NA
202	Manual	Outcome_Individualtrial_Displayed_starttime	6030519	6030519
202	Manual	ITI_starttime	6045674	6045674
203	Pulse	222	6060000	6060000	NA
204	Pulse	222	6090000	6090000	NA
204	Manual	trial_35_onset	6097837	6097837
204	Manual	UrnsPresented_starttime	6097851	6097851
205	Pulse	222	6120000	6120000	NA
205	Manual	Choice_Period_starttime	6132004	6132004
205	Response	22	6135203	6135203	1
205	Manual	Participant_Response_Displayed_starttime	6135674	6135674
206	Pulse	222	6150000	6150000	NA
206	Manual	Outcome_Individualtrial_Displayed_starttime	6178836	6178836
207	Pulse	222	6180000	6180000	NA
207	Manual	OutcomeHistoryDisplayed_starttime	6193991	6193991
208	Pulse	222	6210000	6210000	NA
208	Manual	ShockOutcomeDisplayed_starttime	6227164	6227164
209	Pulse	222	6240000	6240000	NA
209	Manual	shock time	6252318	6252318
209	Manual	ExtraITI_starttime	6252323	6252323
210	Pulse	222	6270000	6270000	NA
210	Manual	ITI_starttime	6288481	6288481
211	Pulse	222	6300000	6300000	NA
212	Pulse	222	6330000	6330000	NA
212	Manual	trial_36_onset	6348642	6348642
212	Manual	UrnsPresented_starttime	6348658	6348658
213	Pulse	222	6360000	6360000	NA
214	Pulse	222	6390000	6390000	NA
214	Manual	Choice_Period_starttime	6402808	6402808
214	Response	11	6405597	6405597	1
214	Manual	Participant_Response_Displayed_starttime	6405811	6405811
215	Pulse	222	6420000	6420000	NA
215	Manual	Outcome_Individualtrial_Displayed_starttime	6426976	6426976
215	Manual	ITI_starttime	6442131	6442131
216	Pulse	222	6450000	6450000	NA
217	Pulse	222	6480000	6480000	NA
217	Manual	trial_37_onset	6490294	6490294
217	Manual	UrnsPresented_starttime	6490310	6490310
218	Pulse	222	6510000	6510000	NA
218	Manual	Choice_Period_starttime	6532460	6532460
218	Response	22	6538444	6538444	1
218	Manual	Participant_Response_Displayed_starttime	6538797	6538797
219	Pulse	222	6540000	6540000	NA
220	Pulse	222	6570000	6570000	NA
220	Manual	Outcome_Individualtrial_Displayed_starttime	6570960	6570960
220	Manual	ITI_starttime	6586115	6586115
221	Pulse	222	6600000	6600000	NA
221	Manual	trial_38_onset	6623279	6623279
221	Manual	UrnsPresented_starttime	6623294	6623294
222	Pulse	222	6630000	6630000	NA
222	Response	11	6642171	6642171	1
222	Response	11	6650191	6650191	1
222	Response	11	6656231	6656231	1
223	Pulse	222	6660000	6660000	NA
223	Manual	Choice_Period_starttime	6668446	6668446
223	Response	11	6681390	6681390	1
223	Manual	Participant_Response_Displayed_starttime	6681781	6681781
224	Pulse	222	6690000	6690000	NA
224	Manual	Outcome_Individualtrial_Displayed_starttime	6717944	6717944
225	Pulse	222	6720000	6720000	NA
225	Manual	ITI_starttime	6733099	6733099
226	Pulse	222	6750000	6750000	NA
226	Manual	trial_39_onset	6774263	6774263
226	Manual	UrnsPresented_starttime	6774278	6774278
227	Pulse	222	6780000	6780000	NA
228	Pulse	222	6810000	6810000	NA
228	Manual	Choice_Period_starttime	6815429	6815429
228	Response	22	6831967	6831967	1
228	Manual	Participant_Response_Displayed_starttime	6832431	6832431
229	Pulse	222	6840000	6840000	NA
230	Pulse	222	6870000	6870000	NA
230	Manual	Outcome_Individualtrial_Displayed_starttime	6888592	6888592
231	Pulse	222	6900000	6900000	NA
231	Manual	ITI_starttime	6903747	6903747
232	Pulse	222	6930000	6930000	NA
232	Manual	trial_40_onset	6947911	6947911
232	Manual	UrnsPresented_starttime	6947926	6947926
233	Pulse	222	6960000	6960000	NA
234	Pulse	222	6990000	6990000	NA
234	Manual	Choice_Period_starttime	7003076	7003076
235	Pulse	222	7020000	7020000	NA
235	Response	22	7035882	7035882	1
235	Manual	Participant_Response_Displayed_starttime	7036076	7036076
236	Pulse	222	7050000	7050000	NA
237	Pulse	222	7080000	7080000	NA
237	Manual	Outcome_Individualtrial_Displayed_starttime	7084237	7084237
237	Manual	OutcomeHistoryDisplayed_starttime	7099393	7099393
238	Pulse	222	7110000	7110000	NA
238	Manual	ShockOutcomeDisplayed_starttime	7128566	7128566
239	Pulse	222	7140000	7140000	NA
239	Manual	shock time	7153720	7153720
239	Manual	ExtraITI_starttime	7153724	7153724
240	Pulse	222	7170000	7170000	NA
240	Manual	ITI_starttime	7173885	7173885
241	Pulse	222	7200000	7200000	NA
241	Manual	trial_41_onset	7228047	7228047
241	Manual	UrnsPresented_starttime	7228063	7228063
242	Pulse	222	7230000	7230000	NA
242	Response	11	7252487	7252487	1
243	Pulse	222	7260000	7260000	NA
243	Manual	Choice_Period_starttime	7277213	7277213
243	Response	11	7282206	7282206	1
243	Manual	Participant_Response_Displayed_starttime	7282549	7282549
244	Pulse	222	7290000	7290000	NA
245	Pulse	222	7320000	7320000	NA
245	Manual	Outcome_Individualtrial_Displayed_starttime	7340710	7340710
246	Pulse	222	7350000	7350000	NA
246	Manual	ITI_starttime	7355865	7355865
247	Pulse	222	7380000	7380000	NA
247	Manual	trial_42_onset	7398028	7398028
247	Manual	UrnsPresented_starttime	7398044	7398044
248	Pulse	222	7410000	7410000	NA
249	Pulse	222	7440000	7440000	NA
249	Manual	Choice_Period_starttime	7441195	7441195
249	Response	11	7463862	7463862	1
249	Manual	Participant_Response_Displayed_starttime	7464196	7464196
250	Pulse	222	7470000	7470000	NA
250	Manual	Outcome_Individualtrial_Displayed_starttime	7495360	7495360
251	Pulse	222	7500000	7500000	NA
251	Manual	ITI_starttime	7510515	7510515
252	Pulse	222	7530000	7530000	NA
252	Manual	trial_43_onset	7547679	7547679
252	Manual	UrnsPresented_starttime	7547694	7547694
253	Pulse	222	7560000	7560000	NA
253	Manual	Choice_Period_starttime	7578846	7578846
254	Pulse	222	7590000	7590000	NA
254	Response	11	7594419	7594419	1
254	Manual	Participant_Response_Displayed_starttime	7594848	7594848
255	Pulse	222	7620000	7620000	NA
255	Manual	Outcome_Individualtrial_Displayed_starttime	7629011	7629011
255	Manual	ITI_starttime	7644167	7644167
256	Pulse	222	7650000	7650000	NA
256	Manual	trial_44_onset	7679331	7679331
256	Manual	UrnsPresented_starttime	7679346	7679346
257	Pulse	222	7680000	7680000	NA
258	Pulse	222	7710000	7710000	NA
258	Manual	Choice_Period_starttime	7734496	7734496
258	Response	22	7739956	7739956	1
259	Pulse	222	7740000	7740000	NA
259	Manual	Participant_Response_Displayed_starttime	7740166	7740166
260	Pulse	222	7770000	7770000	NA
260	Manual	Outcome_Individualtrial_Displayed_starttime	7793327	7793327
261	Pulse	222	7800000	7800000	NA
261	Manual	ITI_starttime	7808482	7808482
262	Pulse	222	7830000	7830000	NA
262	Manual	trial_45_onset	7855645	7855645
262	Manual	UrnsPresented_starttime	7855660	7855660
263	Pulse	222	7860000	7860000	NA
264	Pulse	222	7890000	7890000	NA
264	Manual	Choice_Period_starttime	7908811	7908811
265	Pulse	222	7920000	7920000	NA
265	Response	22	7936771	7936771	1
265	Manual	Participant_Response_Displayed_starttime	7937145	7937145
266	Pulse	222	7950000	7950000	NA
266	Manual	Outcome_Individualtrial_Displayed_starttime	7973308	7973308
267	Pulse	222	7980000	7980000	NA
267	Manual	OutcomeHistoryDisplayed_starttime	7988463	7988463
268	Pulse	222	8010000	8010000	NA
268	Manual	ShockOutcomeDisplayed_starttime	8015636	8015636
269	Pulse	222	8040000	8040000	NA
269	Manual	shock time	8040790	8040790
269	Manual	ExtraITI_starttime	8040794	8040794
270	Pulse	222	8070000	8070000	NA
270	Manual	ITI_starttime	8079953	8079953
271	Pulse	222	8100000	8100000	NA
271	Manual	trial_46_onset	8118117	8118117
271	Manual	UrnsPresented_starttime	8118132	8118132
272	Pulse	222	8130000	8130000	NA
272	Manual	Choice_Period_starttime	8147285	8147285
272	Response	22	8152866	8152866	1
272	Manual	Participant_Response_Displayed_starttime	8153288	8153288
273	Pulse	222	8160000	8160000	NA
274	Pulse	222	8190000	8190000	NA
274	Manual	Outcome_Individualtrial_Displayed_starttime	8193450	8193450
274	Manual	ITI_starttime	8208606	8208606
275	Pulse	222	8220000	8220000	NA
276	Pulse	222	8250000	8250000	NA
276	Manual	trial_47_onset	8253769	8253769
276	Manual	UrnsPresented_starttime	8253785	8253785
277	Pulse	222	8280000	8280000	NA
277	Manual	Choice_Period_starttime	8303935	8303935
277	Response	22	8306683	8306683	1
277	Manual	Participant_Response_Displayed_starttime	8306938	8306938
278	Pulse	222	8310000	8310000	NA
279	Pulse	222	8340000	8340000	NA
279	Manual	Outcome_Individualtrial_Displayed_starttime	8350100	8350100
279	Manual	ITI_starttime	8365255	8365255
280	Pulse	222	8370000	8370000	NA
281	Pulse	222	8400000	8400000	NA
281	Manual	trial_48_onset	8410419	8410419
281	Manual	UrnsPresented_starttime	8410434	8410434
282	Pulse	222	8430000	8430000	NA
282	Manual	Choice_Period_starttime	8435587	8435587
282	Response	11	8443260	8443260	1
282	Manual	Participant_Response_Displayed_starttime	8443590	8443590
283	Pulse	222	8460000	8460000	NA
283	Manual	Outcome_Individualtrial_Displayed_starttime	8467754	8467754
283	Manual	ITI_starttime	8482909	8482909
284	Pulse	222	8490000	8490000	NA
284	Manual	trial_49_onset	8518073	8518073
284	Manual	UrnsPresented_starttime	8518088	8518088
285	Pulse	222	8520000	8520000	NA
285	Response	22	8547347	8547347	1
286	Pulse	222	8550000	8550000	NA
286	Manual	Choice_Period_starttime	8553241	8553241
286	Response	22	8558727	8558727	1
286	Manual	Participant_Response_Displayed_starttime	8558911	8558911
287	Pulse	222	8580000	8580000	NA
288	Pulse	222	8610000	8610000	NA
288	Manual	Outcome_Individualtrial_Displayed_starttime	8616071	8616071
288	Manual	ITI_starttime	8631226	8631226
289	Pulse	222	8640000	8640000	NA
289	Manual	trial_50_onset	8664391	8664391
289	Manual	UrnsPresented_starttime	8664405	8664405
290	Pulse	222	8670000	8670000	NA
290	Manual	Choice_Period_starttime	8691559	8691559
291	Pulse	222	8700000	8700000	NA
291	Response	22	8702384	8702384	1
291	Manual	Participant_Response_Displayed_starttime	8702561	8702561
292	Pulse	222	8730000	8730000	NA
292	Manual	Outcome_Individualtrial_Displayed_starttime	8733724	8733724
292	Manual	OutcomeHistoryDisplayed_starttime	8748880	8748880
293	Pulse	222	8760000	8760000	NA
293	Manual	ShockOutcomeDisplayed_starttime	8776054	8776054
294	Pulse	222	8790000	8790000	NA
294	Manual	shock time	8801208	8801208
294	Manual	shock delivered	8801208	8801208
294	Manual	shock delivered	8801320	8801320
294	Manual	shock delivered	8801440	8801440
294	Manual	ExtraITI_starttime	8801563	8801563
295	Pulse	222	8820000	8820000	NA
295	Manual	ITI_starttime	8821706	8821706
296	Pulse	222	8850000	8850000	NA
297	Pulse	222	8880000	8880000	NA
298	Pulse	222	8910000	8910000	NA
299	Pulse	222	8940000	8940000	NA
300	Pulse	222	8970000	8970000	NA
301	Pulse	222	9000000	9000000	NA
302	Pulse	222	9030000	9030000	NA
